2022-09-03 15:32:40,571 [Worker-5: Loading available Gradle versions] INFO  o.e.b.c.i.u.g.PublishedGradleVersions - Gradle version information cache is out-of-date. Trying to update.
2022-09-03 19:27:49,291 [Worker-3: Loading available Gradle versions] INFO  o.e.b.c.i.u.g.PublishedGradleVersions - Gradle version information cache is up-to-date. Trying to read.
2022-09-03 22:31:37,928 [Worker-5: Loading available Gradle versions] INFO  o.e.b.c.i.u.g.PublishedGradleVersions - Gradle version information cache is up-to-date. Trying to read.
2022-09-04 00:57:16,594 [Worker-5: Loading available Gradle versions] INFO  o.e.b.c.i.u.g.PublishedGradleVersions - Gradle version information cache is up-to-date. Trying to read.
2022-09-11 13:40:27,734 [Worker-5: Loading available Gradle versions] INFO  o.e.b.c.i.u.g.PublishedGradleVersions - Gradle version information cache is out-of-date. Trying to update.
2022-09-12 22:44:41,728 [Worker-3: Loading available Gradle versions] INFO  o.e.b.c.i.u.g.PublishedGradleVersions - Gradle version information cache is out-of-date. Trying to update.
2022-09-13 15:33:36,413 [Worker-1: Loading available Gradle versions] INFO  o.e.b.c.i.u.g.PublishedGradleVersions - Gradle version information cache is up-to-date. Trying to read.
2022-09-14 00:23:30,929 [Worker-5: Loading available Gradle versions] INFO  o.e.b.c.i.u.g.PublishedGradleVersions - Gradle version information cache is out-of-date. Trying to update.
2022-09-14 11:59:56,714 [Worker-6: Loading available Gradle versions] INFO  o.e.b.c.i.u.g.PublishedGradleVersions - Gradle version information cache is up-to-date. Trying to read.
2022-09-14 12:02:23,486 [main] ERROR o.e.m.c.i.l.MavenExternalRuntime - Could not parse classwords configuration file
java.io.FileNotFoundException: C:\Java\apache-maven-3.6.1\bin\m2.conf (系统找不到指定的路径。)
	at java.io.FileInputStream.open0(Native Method) ~[na:1.8.0_102]
	at java.io.FileInputStream.open(FileInputStream.java:195) ~[na:1.8.0_102]
	at java.io.FileInputStream.<init>(FileInputStream.java:138) ~[na:1.8.0_102]
	at org.eclipse.m2e.core.internal.launch.MavenExternalRuntime.getVersion0(MavenExternalRuntime.java:233) [org.eclipse.m2e.core_1.15.0.20200305-1308.jar:na]
	at org.eclipse.m2e.core.internal.launch.MavenExternalRuntime.getVersion(MavenExternalRuntime.java:192) [org.eclipse.m2e.core_1.15.0.20200305-1308.jar:na]
	at org.eclipse.m2e.core.internal.launch.MavenExternalRuntime.toString(MavenExternalRuntime.java:161) [org.eclipse.m2e.core_1.15.0.20200305-1308.jar:na]
	at org.eclipse.m2e.core.ui.internal.preferences.launch.MavenInstallationsPreferencePage$RuntimesLabelProvider.getColumnText(MavenInstallationsPreferencePage.java:298) [org.eclipse.m2e.core.ui_1.15.0.20200305-1308.jar:na]
	at org.eclipse.jface.viewers.TableColumnViewerLabelProvider.update(TableColumnViewerLabelProvider.java:69) [org.eclipse.jface_3.19.0.v20200218-1607.jar:na]
	at org.eclipse.jface.viewers.ViewerColumn.refresh(ViewerColumn.java:144) [org.eclipse.jface_3.19.0.v20200218-1607.jar:na]
	at org.eclipse.jface.viewers.AbstractTableViewer.doUpdateItem(AbstractTableViewer.java:396) [org.eclipse.jface_3.19.0.v20200218-1607.jar:na]
	at org.eclipse.jface.viewers.CheckboxTableViewer.doUpdateItem(CheckboxTableViewer.java:173) [org.eclipse.jface_3.19.0.v20200218-1607.jar:na]
	at org.eclipse.jface.viewers.StructuredViewer$UpdateItemSafeRunnable.run(StructuredViewer.java:427) [org.eclipse.jface_3.19.0.v20200218-1607.jar:na]
	at org.eclipse.core.runtime.SafeRunner.run(SafeRunner.java:45) [org.eclipse.equinox.common_3.11.0.v20200206-0817.jar:na]
	at org.eclipse.ui.internal.JFaceUtil.lambda$0(JFaceUtil.java:47) [org.eclipse.ui.workbench_3.118.0.v20200222-0719.jar:na]
	at org.eclipse.jface.util.SafeRunnable.run(SafeRunnable.java:174) ~[org.eclipse.jface_3.19.0.v20200218-1607.jar:na]
	at org.eclipse.jface.viewers.StructuredViewer.updateItem(StructuredViewer.java:2108) ~[org.eclipse.jface_3.19.0.v20200218-1607.jar:na]
	at org.eclipse.jface.viewers.AbstractTableViewer.createItem(AbstractTableViewer.java:288) [org.eclipse.jface_3.19.0.v20200218-1607.jar:na]
	at org.eclipse.jface.viewers.AbstractTableViewer.internalRefreshAll(AbstractTableViewer.java:726) [org.eclipse.jface_3.19.0.v20200218-1607.jar:na]
	at org.eclipse.jface.viewers.AbstractTableViewer.internalRefresh(AbstractTableViewer.java:618) [org.eclipse.jface_3.19.0.v20200218-1607.jar:na]
	at org.eclipse.jface.viewers.AbstractTableViewer.internalRefresh(AbstractTableViewer.java:610) [org.eclipse.jface_3.19.0.v20200218-1607.jar:na]
	at org.eclipse.jface.viewers.AbstractTableViewer.lambda$0(AbstractTableViewer.java:572) [org.eclipse.jface_3.19.0.v20200218-1607.jar:na]
	at org.eclipse.jface.viewers.StructuredViewer.preservingSelection(StructuredViewer.java:1397) ~[org.eclipse.jface_3.19.0.v20200218-1607.jar:na]
	at org.eclipse.jface.viewers.StructuredViewer.preservingSelection(StructuredViewer.java:1358) ~[org.eclipse.jface_3.19.0.v20200218-1607.jar:na]
	at org.eclipse.jface.viewers.CheckboxTableViewer.preservingSelection(CheckboxTableViewer.java:343) [org.eclipse.jface_3.19.0.v20200218-1607.jar:na]
	at org.eclipse.jface.viewers.AbstractTableViewer.inputChanged(AbstractTableViewer.java:572) [org.eclipse.jface_3.19.0.v20200218-1607.jar:na]
	at org.eclipse.jface.viewers.ContentViewer.setInput(ContentViewer.java:282) ~[org.eclipse.jface_3.19.0.v20200218-1607.jar:na]
	at org.eclipse.jface.viewers.StructuredViewer.setInput(StructuredViewer.java:1631) ~[org.eclipse.jface_3.19.0.v20200218-1607.jar:na]
	at org.eclipse.m2e.core.ui.internal.preferences.launch.MavenInstallationsPreferencePage.createContents(MavenInstallationsPreferencePage.java:127) ~[na:na]
	at org.eclipse.jface.preference.PreferencePage.createControl(PreferencePage.java:244) ~[org.eclipse.jface_3.19.0.v20200218-1607.jar:na]
	at org.eclipse.jface.preference.PreferenceDialog.createPageControl(PreferenceDialog.java:1433) ~[org.eclipse.jface_3.19.0.v20200218-1607.jar:na]
	at org.eclipse.jface.preference.PreferenceDialog$8.run(PreferenceDialog.java:1196) ~[org.eclipse.jface_3.19.0.v20200218-1607.jar:na]
	at org.eclipse.core.runtime.SafeRunner.run(SafeRunner.java:45) [org.eclipse.equinox.common_3.11.0.v20200206-0817.jar:na]
	at org.eclipse.ui.internal.JFaceUtil.lambda$0(JFaceUtil.java:47) [org.eclipse.ui.workbench_3.118.0.v20200222-0719.jar:na]
	at org.eclipse.jface.util.SafeRunnable.run(SafeRunnable.java:174) ~[org.eclipse.jface_3.19.0.v20200218-1607.jar:na]
	at org.eclipse.jface.preference.PreferenceDialog.showPage(PreferenceDialog.java:1188) ~[org.eclipse.jface_3.19.0.v20200218-1607.jar:na]
	at org.eclipse.ui.internal.dialogs.FilteredPreferenceDialog.showPage(FilteredPreferenceDialog.java:630) ~[org.eclipse.ui.workbench_3.118.0.v20200222-0719.jar:na]
	at org.eclipse.jface.preference.PreferenceDialog$5.lambda$0(PreferenceDialog.java:660) ~[org.eclipse.jface_3.19.0.v20200218-1607.jar:na]
	at org.eclipse.swt.custom.BusyIndicator.showWhile(BusyIndicator.java:72) ~[org.eclipse.swt.win32.win32.x86_64_3.114.0.v20200304-0601.jar:na]
	at org.eclipse.jface.preference.PreferenceDialog$5.selectionChanged(PreferenceDialog.java:657) ~[org.eclipse.jface_3.19.0.v20200218-1607.jar:na]
	at org.eclipse.jface.viewers.StructuredViewer$3.run(StructuredViewer.java:823) ~[org.eclipse.jface_3.19.0.v20200218-1607.jar:na]
	at org.eclipse.core.runtime.SafeRunner.run(SafeRunner.java:45) [org.eclipse.equinox.common_3.11.0.v20200206-0817.jar:na]
	at org.eclipse.ui.internal.JFaceUtil.lambda$0(JFaceUtil.java:47) [org.eclipse.ui.workbench_3.118.0.v20200222-0719.jar:na]
	at org.eclipse.jface.util.SafeRunnable.run(SafeRunnable.java:174) ~[org.eclipse.jface_3.19.0.v20200218-1607.jar:na]
	at org.eclipse.jface.viewers.StructuredViewer.firePostSelectionChanged(StructuredViewer.java:820) ~[org.eclipse.jface_3.19.0.v20200218-1607.jar:na]
	at org.eclipse.jface.viewers.StructuredViewer.handlePostSelect(StructuredViewer.java:1190) ~[org.eclipse.jface_3.19.0.v20200218-1607.jar:na]
	at org.eclipse.jface.viewers.StructuredViewer.lambda$0(StructuredViewer.java:1213) ~[org.eclipse.jface_3.19.0.v20200218-1607.jar:na]
	at org.eclipse.swt.events.SelectionListener$1.widgetSelected(SelectionListener.java:84) ~[org.eclipse.swt.win32.win32.x86_64_3.114.0.v20200304-0601.jar:na]
	at org.eclipse.jface.util.OpenStrategy.firePostSelectionEvent(OpenStrategy.java:263) ~[org.eclipse.jface_3.19.0.v20200218-1607.jar:na]
	at org.eclipse.jface.util.OpenStrategy.access$5(OpenStrategy.java:258) ~[org.eclipse.jface_3.19.0.v20200218-1607.jar:na]
	at org.eclipse.jface.util.OpenStrategy$1.lambda$1(OpenStrategy.java:428) ~[org.eclipse.jface_3.19.0.v20200218-1607.jar:na]
	at org.eclipse.swt.widgets.RunnableLock.run(RunnableLock.java:40) ~[org.eclipse.swt.win32.win32.x86_64_3.114.0.v20200304-0601.jar:na]
	at org.eclipse.swt.widgets.Synchronizer.runAsyncMessages(Synchronizer.java:185) ~[org.eclipse.swt.win32.win32.x86_64_3.114.0.v20200304-0601.jar:na]
	at org.eclipse.swt.widgets.Display.runAsyncMessages(Display.java:3897) ~[org.eclipse.swt.win32.win32.x86_64_3.114.0.v20200304-0601.jar:na]
	at org.eclipse.swt.widgets.Display.readAndDispatch(Display.java:3527) ~[org.eclipse.swt.win32.win32.x86_64_3.114.0.v20200304-0601.jar:na]
	at org.eclipse.jface.window.Window.runEventLoop(Window.java:823) ~[org.eclipse.jface_3.19.0.v20200218-1607.jar:na]
	at org.eclipse.jface.window.Window.open(Window.java:799) ~[org.eclipse.jface_3.19.0.v20200218-1607.jar:na]
	at org.eclipse.ui.internal.OpenPreferencesAction.run(OpenPreferencesAction.java:66) ~[org.eclipse.ui.workbench_3.118.0.v20200222-0719.jar:na]
	at org.eclipse.jface.action.Action.runWithEvent(Action.java:474) ~[org.eclipse.jface_3.19.0.v20200218-1607.jar:na]
	at org.eclipse.jface.action.ActionContributionItem.handleWidgetSelection(ActionContributionItem.java:579) ~[org.eclipse.jface_3.19.0.v20200218-1607.jar:na]
	at org.eclipse.jface.action.ActionContributionItem.lambda$4(ActionContributionItem.java:413) ~[org.eclipse.jface_3.19.0.v20200218-1607.jar:na]
	at org.eclipse.swt.widgets.EventTable.sendEvent(EventTable.java:89) ~[org.eclipse.swt.win32.win32.x86_64_3.114.0.v20200304-0601.jar:na]
	at org.eclipse.swt.widgets.Display.sendEvent(Display.java:4105) ~[org.eclipse.swt.win32.win32.x86_64_3.114.0.v20200304-0601.jar:na]
	at org.eclipse.swt.widgets.Widget.sendEvent(Widget.java:1037) ~[org.eclipse.swt.win32.win32.x86_64_3.114.0.v20200304-0601.jar:na]
	at org.eclipse.swt.widgets.Display.runDeferredEvents(Display.java:3922) ~[org.eclipse.swt.win32.win32.x86_64_3.114.0.v20200304-0601.jar:na]
	at org.eclipse.swt.widgets.Display.readAndDispatch(Display.java:3524) ~[org.eclipse.swt.win32.win32.x86_64_3.114.0.v20200304-0601.jar:na]
	at org.eclipse.e4.ui.internal.workbench.swt.PartRenderingEngine$5.run(PartRenderingEngine.java:1160) ~[org.eclipse.e4.ui.workbench.swt_0.14.900.v20200213-1442.jar:na]
	at org.eclipse.core.databinding.observable.Realm.runWithDefault(Realm.java:338) ~[org.eclipse.core.databinding.observable_1.9.0.v20200205-2119.jar:na]
	at org.eclipse.e4.ui.internal.workbench.swt.PartRenderingEngine.run(PartRenderingEngine.java:1049) ~[org.eclipse.e4.ui.workbench.swt_0.14.900.v20200213-1442.jar:na]
	at org.eclipse.e4.ui.internal.workbench.E4Workbench.createAndRunUI(E4Workbench.java:155) ~[org.eclipse.e4.ui.workbench_1.11.200.v20200205-1503.jar:na]
	at org.eclipse.ui.internal.Workbench.lambda$3(Workbench.java:658) ~[org.eclipse.ui.workbench_3.118.0.v20200222-0719.jar:na]
	at org.eclipse.core.databinding.observable.Realm.runWithDefault(Realm.java:338) ~[org.eclipse.core.databinding.observable_1.9.0.v20200205-2119.jar:na]
	at org.eclipse.ui.internal.Workbench.createAndRunWorkbench(Workbench.java:557) ~[org.eclipse.ui.workbench_3.118.0.v20200222-0719.jar:na]
	at org.eclipse.ui.PlatformUI.createAndRunWorkbench(PlatformUI.java:154) ~[org.eclipse.ui.workbench_3.118.0.v20200222-0719.jar:na]
	at org.eclipse.ui.internal.ide.application.IDEApplication.start(IDEApplication.java:150) ~[na:na]
	at org.eclipse.equinox.internal.app.EclipseAppHandle.run(EclipseAppHandle.java:203) ~[org.eclipse.equinox.app_1.4.400.v20191212-0743.jar:na]
	at org.eclipse.core.runtime.internal.adaptor.EclipseAppLauncher.runApplication(EclipseAppLauncher.java:137) ~[org.eclipse.osgi_3.15.200.v20200214-1600.jar:na]
	at org.eclipse.core.runtime.internal.adaptor.EclipseAppLauncher.start(EclipseAppLauncher.java:107) ~[org.eclipse.osgi_3.15.200.v20200214-1600.jar:na]
	at org.eclipse.core.runtime.adaptor.EclipseStarter.run(EclipseStarter.java:401) ~[org.eclipse.osgi_3.15.200.v20200214-1600.jar:na]
	at org.eclipse.core.runtime.adaptor.EclipseStarter.run(EclipseStarter.java:255) ~[org.eclipse.osgi_3.15.200.v20200214-1600.jar:na]
	at sun.reflect.NativeMethodAccessorImpl.invoke0(Native Method) ~[na:1.8.0_102]
	at sun.reflect.NativeMethodAccessorImpl.invoke(NativeMethodAccessorImpl.java:62) ~[na:1.8.0_102]
	at sun.reflect.DelegatingMethodAccessorImpl.invoke(DelegatingMethodAccessorImpl.java:43) ~[na:1.8.0_102]
	at java.lang.reflect.Method.invoke(Method.java:498) ~[na:1.8.0_102]
	at org.eclipse.equinox.launcher.Main.invokeFramework(Main.java:657) ~[org.eclipse.equinox.launcher_1.5.700.v20200207-2156.jar:na]
	at org.eclipse.equinox.launcher.Main.basicRun(Main.java:594) ~[org.eclipse.equinox.launcher_1.5.700.v20200207-2156.jar:na]
	at org.eclipse.equinox.launcher.Main.run(Main.java:1447) ~[org.eclipse.equinox.launcher_1.5.700.v20200207-2156.jar:na]
	at org.eclipse.equinox.launcher.Main.main(Main.java:1420) ~[org.eclipse.equinox.launcher_1.5.700.v20200207-2156.jar:na]
2022-09-14 12:06:38,724 [main] ERROR o.e.m.c.i.l.MavenExternalRuntime - Could not parse classwords configuration file
java.io.FileNotFoundException: C:\Java\apache-maven-3.6.1\bin\m2.conf (系统找不到指定的路径。)
	at java.io.FileInputStream.open0(Native Method) ~[na:1.8.0_102]
	at java.io.FileInputStream.open(FileInputStream.java:195) ~[na:1.8.0_102]
	at java.io.FileInputStream.<init>(FileInputStream.java:138) ~[na:1.8.0_102]
	at org.eclipse.m2e.core.internal.launch.MavenExternalRuntime.getVersion0(MavenExternalRuntime.java:233) [org.eclipse.m2e.core_1.15.0.20200305-1308.jar:na]
	at org.eclipse.m2e.core.internal.launch.MavenExternalRuntime.getVersion(MavenExternalRuntime.java:192) [org.eclipse.m2e.core_1.15.0.20200305-1308.jar:na]
	at org.eclipse.m2e.core.internal.launch.MavenExternalRuntime.toString(MavenExternalRuntime.java:161) [org.eclipse.m2e.core_1.15.0.20200305-1308.jar:na]
	at org.eclipse.m2e.core.ui.internal.preferences.launch.MavenInstallationsPreferencePage$RuntimesLabelProvider.getColumnText(MavenInstallationsPreferencePage.java:298) [org.eclipse.m2e.core.ui_1.15.0.20200305-1308.jar:na]
	at org.eclipse.jface.viewers.TableColumnViewerLabelProvider.update(TableColumnViewerLabelProvider.java:69) [org.eclipse.jface_3.19.0.v20200218-1607.jar:na]
	at org.eclipse.jface.viewers.ViewerColumn.refresh(ViewerColumn.java:144) [org.eclipse.jface_3.19.0.v20200218-1607.jar:na]
	at org.eclipse.jface.viewers.AbstractTableViewer.doUpdateItem(AbstractTableViewer.java:396) [org.eclipse.jface_3.19.0.v20200218-1607.jar:na]
	at org.eclipse.jface.viewers.CheckboxTableViewer.doUpdateItem(CheckboxTableViewer.java:173) [org.eclipse.jface_3.19.0.v20200218-1607.jar:na]
	at org.eclipse.jface.viewers.StructuredViewer$UpdateItemSafeRunnable.run(StructuredViewer.java:427) [org.eclipse.jface_3.19.0.v20200218-1607.jar:na]
	at org.eclipse.core.runtime.SafeRunner.run(SafeRunner.java:45) [org.eclipse.equinox.common_3.11.0.v20200206-0817.jar:na]
	at org.eclipse.ui.internal.JFaceUtil.lambda$0(JFaceUtil.java:47) [org.eclipse.ui.workbench_3.118.0.v20200222-0719.jar:na]
	at org.eclipse.jface.util.SafeRunnable.run(SafeRunnable.java:174) ~[org.eclipse.jface_3.19.0.v20200218-1607.jar:na]
	at org.eclipse.jface.viewers.StructuredViewer.updateItem(StructuredViewer.java:2108) ~[org.eclipse.jface_3.19.0.v20200218-1607.jar:na]
	at org.eclipse.jface.viewers.AbstractTableViewer.createItem(AbstractTableViewer.java:288) [org.eclipse.jface_3.19.0.v20200218-1607.jar:na]
	at org.eclipse.jface.viewers.AbstractTableViewer.internalRefreshAll(AbstractTableViewer.java:726) [org.eclipse.jface_3.19.0.v20200218-1607.jar:na]
	at org.eclipse.jface.viewers.AbstractTableViewer.internalRefresh(AbstractTableViewer.java:618) [org.eclipse.jface_3.19.0.v20200218-1607.jar:na]
	at org.eclipse.jface.viewers.AbstractTableViewer.internalRefresh(AbstractTableViewer.java:610) [org.eclipse.jface_3.19.0.v20200218-1607.jar:na]
	at org.eclipse.jface.viewers.AbstractTableViewer.lambda$0(AbstractTableViewer.java:572) [org.eclipse.jface_3.19.0.v20200218-1607.jar:na]
	at org.eclipse.jface.viewers.StructuredViewer.preservingSelection(StructuredViewer.java:1397) ~[org.eclipse.jface_3.19.0.v20200218-1607.jar:na]
	at org.eclipse.jface.viewers.StructuredViewer.preservingSelection(StructuredViewer.java:1358) ~[org.eclipse.jface_3.19.0.v20200218-1607.jar:na]
	at org.eclipse.jface.viewers.CheckboxTableViewer.preservingSelection(CheckboxTableViewer.java:343) [org.eclipse.jface_3.19.0.v20200218-1607.jar:na]
	at org.eclipse.jface.viewers.AbstractTableViewer.inputChanged(AbstractTableViewer.java:572) [org.eclipse.jface_3.19.0.v20200218-1607.jar:na]
	at org.eclipse.jface.viewers.ContentViewer.setInput(ContentViewer.java:282) ~[org.eclipse.jface_3.19.0.v20200218-1607.jar:na]
	at org.eclipse.jface.viewers.StructuredViewer.setInput(StructuredViewer.java:1631) ~[org.eclipse.jface_3.19.0.v20200218-1607.jar:na]
	at org.eclipse.m2e.core.ui.internal.preferences.launch.MavenInstallationsPreferencePage.createContents(MavenInstallationsPreferencePage.java:127) ~[na:na]
	at org.eclipse.jface.preference.PreferencePage.createControl(PreferencePage.java:244) ~[org.eclipse.jface_3.19.0.v20200218-1607.jar:na]
	at org.eclipse.jface.preference.PreferenceDialog.createPageControl(PreferenceDialog.java:1433) ~[org.eclipse.jface_3.19.0.v20200218-1607.jar:na]
	at org.eclipse.jface.preference.PreferenceDialog$8.run(PreferenceDialog.java:1196) ~[org.eclipse.jface_3.19.0.v20200218-1607.jar:na]
	at org.eclipse.core.runtime.SafeRunner.run(SafeRunner.java:45) [org.eclipse.equinox.common_3.11.0.v20200206-0817.jar:na]
	at org.eclipse.ui.internal.JFaceUtil.lambda$0(JFaceUtil.java:47) [org.eclipse.ui.workbench_3.118.0.v20200222-0719.jar:na]
	at org.eclipse.jface.util.SafeRunnable.run(SafeRunnable.java:174) ~[org.eclipse.jface_3.19.0.v20200218-1607.jar:na]
	at org.eclipse.jface.preference.PreferenceDialog.showPage(PreferenceDialog.java:1188) ~[org.eclipse.jface_3.19.0.v20200218-1607.jar:na]
	at org.eclipse.ui.internal.dialogs.FilteredPreferenceDialog.showPage(FilteredPreferenceDialog.java:630) ~[org.eclipse.ui.workbench_3.118.0.v20200222-0719.jar:na]
	at org.eclipse.jface.preference.PreferenceDialog$5.lambda$0(PreferenceDialog.java:660) ~[org.eclipse.jface_3.19.0.v20200218-1607.jar:na]
	at org.eclipse.swt.custom.BusyIndicator.showWhile(BusyIndicator.java:72) ~[org.eclipse.swt.win32.win32.x86_64_3.114.0.v20200304-0601.jar:na]
	at org.eclipse.jface.preference.PreferenceDialog$5.selectionChanged(PreferenceDialog.java:657) ~[org.eclipse.jface_3.19.0.v20200218-1607.jar:na]
	at org.eclipse.jface.viewers.StructuredViewer$3.run(StructuredViewer.java:823) ~[org.eclipse.jface_3.19.0.v20200218-1607.jar:na]
	at org.eclipse.core.runtime.SafeRunner.run(SafeRunner.java:45) [org.eclipse.equinox.common_3.11.0.v20200206-0817.jar:na]
	at org.eclipse.ui.internal.JFaceUtil.lambda$0(JFaceUtil.java:47) [org.eclipse.ui.workbench_3.118.0.v20200222-0719.jar:na]
	at org.eclipse.jface.util.SafeRunnable.run(SafeRunnable.java:174) ~[org.eclipse.jface_3.19.0.v20200218-1607.jar:na]
	at org.eclipse.jface.viewers.StructuredViewer.firePostSelectionChanged(StructuredViewer.java:820) ~[org.eclipse.jface_3.19.0.v20200218-1607.jar:na]
	at org.eclipse.jface.viewers.StructuredViewer.setSelection(StructuredViewer.java:1660) ~[org.eclipse.jface_3.19.0.v20200218-1607.jar:na]
	at org.eclipse.jface.viewers.TreeViewer.setSelection(TreeViewer.java:1084) ~[org.eclipse.jface_3.19.0.v20200218-1607.jar:na]
	at org.eclipse.jface.preference.PreferenceDialog.selectSavedItem(PreferenceDialog.java:990) ~[org.eclipse.jface_3.19.0.v20200218-1607.jar:na]
	at org.eclipse.ui.internal.dialogs.FilteredPreferenceDialog.selectSavedItem(FilteredPreferenceDialog.java:680) ~[org.eclipse.ui.workbench_3.118.0.v20200222-0719.jar:na]
	at org.eclipse.jface.preference.PreferenceDialog.lambda$0(PreferenceDialog.java:348) ~[org.eclipse.jface_3.19.0.v20200218-1607.jar:na]
	at org.eclipse.swt.custom.BusyIndicator.showWhile(BusyIndicator.java:72) ~[org.eclipse.swt.win32.win32.x86_64_3.114.0.v20200304-0601.jar:na]
	at org.eclipse.jface.preference.PreferenceDialog.createContents(PreferenceDialog.java:345) ~[org.eclipse.jface_3.19.0.v20200218-1607.jar:na]
	at org.eclipse.jface.window.Window.create(Window.java:431) ~[org.eclipse.jface_3.19.0.v20200218-1607.jar:na]
	at org.eclipse.jface.dialogs.Dialog.create(Dialog.java:1094) ~[org.eclipse.jface_3.19.0.v20200218-1607.jar:na]
	at org.eclipse.ui.internal.dialogs.WorkbenchPreferenceDialog.createDialogOn(WorkbenchPreferenceDialog.java:84) ~[org.eclipse.ui.workbench_3.118.0.v20200222-0719.jar:na]
	at org.eclipse.ui.dialogs.PreferencesUtil.createPreferenceDialogOn(PreferencesUtil.java:181) ~[org.eclipse.ui.workbench_3.118.0.v20200222-0719.jar:na]
	at org.eclipse.ui.dialogs.PreferencesUtil.createPreferenceDialogOn(PreferencesUtil.java:115) ~[org.eclipse.ui.workbench_3.118.0.v20200222-0719.jar:na]
	at org.eclipse.ui.internal.OpenPreferencesAction.run(OpenPreferencesAction.java:65) ~[org.eclipse.ui.workbench_3.118.0.v20200222-0719.jar:na]
	at org.eclipse.jface.action.Action.runWithEvent(Action.java:474) ~[org.eclipse.jface_3.19.0.v20200218-1607.jar:na]
	at org.eclipse.jface.action.ActionContributionItem.handleWidgetSelection(ActionContributionItem.java:579) ~[org.eclipse.jface_3.19.0.v20200218-1607.jar:na]
	at org.eclipse.jface.action.ActionContributionItem.lambda$4(ActionContributionItem.java:413) ~[org.eclipse.jface_3.19.0.v20200218-1607.jar:na]
	at org.eclipse.swt.widgets.EventTable.sendEvent(EventTable.java:89) ~[org.eclipse.swt.win32.win32.x86_64_3.114.0.v20200304-0601.jar:na]
	at org.eclipse.swt.widgets.Display.sendEvent(Display.java:4105) ~[org.eclipse.swt.win32.win32.x86_64_3.114.0.v20200304-0601.jar:na]
	at org.eclipse.swt.widgets.Widget.sendEvent(Widget.java:1037) ~[org.eclipse.swt.win32.win32.x86_64_3.114.0.v20200304-0601.jar:na]
	at org.eclipse.swt.widgets.Display.runDeferredEvents(Display.java:3922) ~[org.eclipse.swt.win32.win32.x86_64_3.114.0.v20200304-0601.jar:na]
	at org.eclipse.swt.widgets.Display.readAndDispatch(Display.java:3524) ~[org.eclipse.swt.win32.win32.x86_64_3.114.0.v20200304-0601.jar:na]
	at org.eclipse.e4.ui.internal.workbench.swt.PartRenderingEngine$5.run(PartRenderingEngine.java:1160) ~[org.eclipse.e4.ui.workbench.swt_0.14.900.v20200213-1442.jar:na]
	at org.eclipse.core.databinding.observable.Realm.runWithDefault(Realm.java:338) ~[org.eclipse.core.databinding.observable_1.9.0.v20200205-2119.jar:na]
	at org.eclipse.e4.ui.internal.workbench.swt.PartRenderingEngine.run(PartRenderingEngine.java:1049) ~[org.eclipse.e4.ui.workbench.swt_0.14.900.v20200213-1442.jar:na]
	at org.eclipse.e4.ui.internal.workbench.E4Workbench.createAndRunUI(E4Workbench.java:155) ~[org.eclipse.e4.ui.workbench_1.11.200.v20200205-1503.jar:na]
	at org.eclipse.ui.internal.Workbench.lambda$3(Workbench.java:658) ~[org.eclipse.ui.workbench_3.118.0.v20200222-0719.jar:na]
	at org.eclipse.core.databinding.observable.Realm.runWithDefault(Realm.java:338) ~[org.eclipse.core.databinding.observable_1.9.0.v20200205-2119.jar:na]
	at org.eclipse.ui.internal.Workbench.createAndRunWorkbench(Workbench.java:557) ~[org.eclipse.ui.workbench_3.118.0.v20200222-0719.jar:na]
	at org.eclipse.ui.PlatformUI.createAndRunWorkbench(PlatformUI.java:154) ~[org.eclipse.ui.workbench_3.118.0.v20200222-0719.jar:na]
	at org.eclipse.ui.internal.ide.application.IDEApplication.start(IDEApplication.java:150) ~[na:na]
	at org.eclipse.equinox.internal.app.EclipseAppHandle.run(EclipseAppHandle.java:203) ~[org.eclipse.equinox.app_1.4.400.v20191212-0743.jar:na]
	at org.eclipse.core.runtime.internal.adaptor.EclipseAppLauncher.runApplication(EclipseAppLauncher.java:137) ~[org.eclipse.osgi_3.15.200.v20200214-1600.jar:na]
	at org.eclipse.core.runtime.internal.adaptor.EclipseAppLauncher.start(EclipseAppLauncher.java:107) ~[org.eclipse.osgi_3.15.200.v20200214-1600.jar:na]
	at org.eclipse.core.runtime.adaptor.EclipseStarter.run(EclipseStarter.java:401) ~[org.eclipse.osgi_3.15.200.v20200214-1600.jar:na]
	at org.eclipse.core.runtime.adaptor.EclipseStarter.run(EclipseStarter.java:255) ~[org.eclipse.osgi_3.15.200.v20200214-1600.jar:na]
	at sun.reflect.NativeMethodAccessorImpl.invoke0(Native Method) ~[na:1.8.0_102]
	at sun.reflect.NativeMethodAccessorImpl.invoke(NativeMethodAccessorImpl.java:62) ~[na:1.8.0_102]
	at sun.reflect.DelegatingMethodAccessorImpl.invoke(DelegatingMethodAccessorImpl.java:43) ~[na:1.8.0_102]
	at java.lang.reflect.Method.invoke(Method.java:498) ~[na:1.8.0_102]
	at org.eclipse.equinox.launcher.Main.invokeFramework(Main.java:657) ~[org.eclipse.equinox.launcher_1.5.700.v20200207-2156.jar:na]
	at org.eclipse.equinox.launcher.Main.basicRun(Main.java:594) ~[org.eclipse.equinox.launcher_1.5.700.v20200207-2156.jar:na]
	at org.eclipse.equinox.launcher.Main.run(Main.java:1447) ~[org.eclipse.equinox.launcher_1.5.700.v20200207-2156.jar:na]
	at org.eclipse.equinox.launcher.Main.main(Main.java:1420) ~[org.eclipse.equinox.launcher_1.5.700.v20200207-2156.jar:na]
2022-09-14 12:12:52,054 [main] ERROR o.e.m.c.i.l.MavenExternalRuntime - Could not parse classwords configuration file
java.io.FileNotFoundException: C:\Java\apache-maven-3.6.1\bin\m2.conf (系统找不到指定的路径。)
	at java.io.FileInputStream.open0(Native Method) ~[na:1.8.0_102]
	at java.io.FileInputStream.open(FileInputStream.java:195) ~[na:1.8.0_102]
	at java.io.FileInputStream.<init>(FileInputStream.java:138) ~[na:1.8.0_102]
	at org.eclipse.m2e.core.internal.launch.MavenExternalRuntime.getVersion0(MavenExternalRuntime.java:233) [org.eclipse.m2e.core_1.15.0.20200305-1308.jar:na]
	at org.eclipse.m2e.core.internal.launch.MavenExternalRuntime.getVersion(MavenExternalRuntime.java:192) [org.eclipse.m2e.core_1.15.0.20200305-1308.jar:na]
	at org.eclipse.m2e.core.internal.launch.MavenExternalRuntime.toString(MavenExternalRuntime.java:161) [org.eclipse.m2e.core_1.15.0.20200305-1308.jar:na]
	at org.eclipse.m2e.core.ui.internal.preferences.launch.MavenInstallationsPreferencePage$RuntimesLabelProvider.getColumnText(MavenInstallationsPreferencePage.java:298) [org.eclipse.m2e.core.ui_1.15.0.20200305-1308.jar:na]
	at org.eclipse.jface.viewers.TableColumnViewerLabelProvider.update(TableColumnViewerLabelProvider.java:69) [org.eclipse.jface_3.19.0.v20200218-1607.jar:na]
	at org.eclipse.jface.viewers.ViewerColumn.refresh(ViewerColumn.java:144) [org.eclipse.jface_3.19.0.v20200218-1607.jar:na]
	at org.eclipse.jface.viewers.AbstractTableViewer.doUpdateItem(AbstractTableViewer.java:396) [org.eclipse.jface_3.19.0.v20200218-1607.jar:na]
	at org.eclipse.jface.viewers.CheckboxTableViewer.doUpdateItem(CheckboxTableViewer.java:173) [org.eclipse.jface_3.19.0.v20200218-1607.jar:na]
	at org.eclipse.jface.viewers.StructuredViewer$UpdateItemSafeRunnable.run(StructuredViewer.java:427) [org.eclipse.jface_3.19.0.v20200218-1607.jar:na]
	at org.eclipse.core.runtime.SafeRunner.run(SafeRunner.java:45) [org.eclipse.equinox.common_3.11.0.v20200206-0817.jar:na]
	at org.eclipse.ui.internal.JFaceUtil.lambda$0(JFaceUtil.java:47) [org.eclipse.ui.workbench_3.118.0.v20200222-0719.jar:na]
	at org.eclipse.jface.util.SafeRunnable.run(SafeRunnable.java:174) ~[org.eclipse.jface_3.19.0.v20200218-1607.jar:na]
	at org.eclipse.jface.viewers.StructuredViewer.updateItem(StructuredViewer.java:2108) ~[org.eclipse.jface_3.19.0.v20200218-1607.jar:na]
	at org.eclipse.jface.viewers.AbstractTableViewer.createItem(AbstractTableViewer.java:288) [org.eclipse.jface_3.19.0.v20200218-1607.jar:na]
	at org.eclipse.jface.viewers.AbstractTableViewer.internalRefreshAll(AbstractTableViewer.java:726) [org.eclipse.jface_3.19.0.v20200218-1607.jar:na]
	at org.eclipse.jface.viewers.AbstractTableViewer.internalRefresh(AbstractTableViewer.java:618) [org.eclipse.jface_3.19.0.v20200218-1607.jar:na]
	at org.eclipse.jface.viewers.AbstractTableViewer.internalRefresh(AbstractTableViewer.java:610) [org.eclipse.jface_3.19.0.v20200218-1607.jar:na]
	at org.eclipse.jface.viewers.AbstractTableViewer.lambda$0(AbstractTableViewer.java:572) [org.eclipse.jface_3.19.0.v20200218-1607.jar:na]
	at org.eclipse.jface.viewers.StructuredViewer.preservingSelection(StructuredViewer.java:1397) ~[org.eclipse.jface_3.19.0.v20200218-1607.jar:na]
	at org.eclipse.jface.viewers.StructuredViewer.preservingSelection(StructuredViewer.java:1358) ~[org.eclipse.jface_3.19.0.v20200218-1607.jar:na]
	at org.eclipse.jface.viewers.CheckboxTableViewer.preservingSelection(CheckboxTableViewer.java:343) [org.eclipse.jface_3.19.0.v20200218-1607.jar:na]
	at org.eclipse.jface.viewers.AbstractTableViewer.inputChanged(AbstractTableViewer.java:572) [org.eclipse.jface_3.19.0.v20200218-1607.jar:na]
	at org.eclipse.jface.viewers.ContentViewer.setInput(ContentViewer.java:282) ~[org.eclipse.jface_3.19.0.v20200218-1607.jar:na]
	at org.eclipse.jface.viewers.StructuredViewer.setInput(StructuredViewer.java:1631) ~[org.eclipse.jface_3.19.0.v20200218-1607.jar:na]
	at org.eclipse.m2e.core.ui.internal.preferences.launch.MavenInstallationsPreferencePage.createContents(MavenInstallationsPreferencePage.java:127) ~[na:na]
	at org.eclipse.jface.preference.PreferencePage.createControl(PreferencePage.java:244) ~[org.eclipse.jface_3.19.0.v20200218-1607.jar:na]
	at org.eclipse.jface.preference.PreferenceDialog.createPageControl(PreferenceDialog.java:1433) ~[org.eclipse.jface_3.19.0.v20200218-1607.jar:na]
	at org.eclipse.jface.preference.PreferenceDialog$8.run(PreferenceDialog.java:1196) ~[org.eclipse.jface_3.19.0.v20200218-1607.jar:na]
	at org.eclipse.core.runtime.SafeRunner.run(SafeRunner.java:45) [org.eclipse.equinox.common_3.11.0.v20200206-0817.jar:na]
	at org.eclipse.ui.internal.JFaceUtil.lambda$0(JFaceUtil.java:47) [org.eclipse.ui.workbench_3.118.0.v20200222-0719.jar:na]
	at org.eclipse.jface.util.SafeRunnable.run(SafeRunnable.java:174) ~[org.eclipse.jface_3.19.0.v20200218-1607.jar:na]
	at org.eclipse.jface.preference.PreferenceDialog.showPage(PreferenceDialog.java:1188) ~[org.eclipse.jface_3.19.0.v20200218-1607.jar:na]
	at org.eclipse.ui.internal.dialogs.FilteredPreferenceDialog.showPage(FilteredPreferenceDialog.java:630) ~[org.eclipse.ui.workbench_3.118.0.v20200222-0719.jar:na]
	at org.eclipse.jface.preference.PreferenceDialog$5.lambda$0(PreferenceDialog.java:660) ~[org.eclipse.jface_3.19.0.v20200218-1607.jar:na]
	at org.eclipse.swt.custom.BusyIndicator.showWhile(BusyIndicator.java:72) ~[org.eclipse.swt.win32.win32.x86_64_3.114.0.v20200304-0601.jar:na]
	at org.eclipse.jface.preference.PreferenceDialog$5.selectionChanged(PreferenceDialog.java:657) ~[org.eclipse.jface_3.19.0.v20200218-1607.jar:na]
	at org.eclipse.jface.viewers.StructuredViewer$3.run(StructuredViewer.java:823) ~[org.eclipse.jface_3.19.0.v20200218-1607.jar:na]
	at org.eclipse.core.runtime.SafeRunner.run(SafeRunner.java:45) [org.eclipse.equinox.common_3.11.0.v20200206-0817.jar:na]
	at org.eclipse.ui.internal.JFaceUtil.lambda$0(JFaceUtil.java:47) [org.eclipse.ui.workbench_3.118.0.v20200222-0719.jar:na]
	at org.eclipse.jface.util.SafeRunnable.run(SafeRunnable.java:174) ~[org.eclipse.jface_3.19.0.v20200218-1607.jar:na]
	at org.eclipse.jface.viewers.StructuredViewer.firePostSelectionChanged(StructuredViewer.java:820) ~[org.eclipse.jface_3.19.0.v20200218-1607.jar:na]
	at org.eclipse.jface.viewers.StructuredViewer.handlePostSelect(StructuredViewer.java:1190) ~[org.eclipse.jface_3.19.0.v20200218-1607.jar:na]
	at org.eclipse.jface.viewers.StructuredViewer.lambda$0(StructuredViewer.java:1213) ~[org.eclipse.jface_3.19.0.v20200218-1607.jar:na]
	at org.eclipse.swt.events.SelectionListener$1.widgetSelected(SelectionListener.java:84) ~[org.eclipse.swt.win32.win32.x86_64_3.114.0.v20200304-0601.jar:na]
	at org.eclipse.jface.util.OpenStrategy.firePostSelectionEvent(OpenStrategy.java:263) ~[org.eclipse.jface_3.19.0.v20200218-1607.jar:na]
	at org.eclipse.jface.util.OpenStrategy.access$5(OpenStrategy.java:258) ~[org.eclipse.jface_3.19.0.v20200218-1607.jar:na]
	at org.eclipse.jface.util.OpenStrategy$1.lambda$1(OpenStrategy.java:428) ~[org.eclipse.jface_3.19.0.v20200218-1607.jar:na]
	at org.eclipse.swt.widgets.RunnableLock.run(RunnableLock.java:40) ~[org.eclipse.swt.win32.win32.x86_64_3.114.0.v20200304-0601.jar:na]
	at org.eclipse.swt.widgets.Synchronizer.runAsyncMessages(Synchronizer.java:185) ~[org.eclipse.swt.win32.win32.x86_64_3.114.0.v20200304-0601.jar:na]
	at org.eclipse.swt.widgets.Display.runAsyncMessages(Display.java:3897) ~[org.eclipse.swt.win32.win32.x86_64_3.114.0.v20200304-0601.jar:na]
	at org.eclipse.swt.widgets.Display.readAndDispatch(Display.java:3527) ~[org.eclipse.swt.win32.win32.x86_64_3.114.0.v20200304-0601.jar:na]
	at org.eclipse.jface.window.Window.runEventLoop(Window.java:823) ~[org.eclipse.jface_3.19.0.v20200218-1607.jar:na]
	at org.eclipse.jface.window.Window.open(Window.java:799) ~[org.eclipse.jface_3.19.0.v20200218-1607.jar:na]
	at org.eclipse.ui.internal.OpenPreferencesAction.run(OpenPreferencesAction.java:66) ~[org.eclipse.ui.workbench_3.118.0.v20200222-0719.jar:na]
	at org.eclipse.jface.action.Action.runWithEvent(Action.java:474) ~[org.eclipse.jface_3.19.0.v20200218-1607.jar:na]
	at org.eclipse.jface.action.ActionContributionItem.handleWidgetSelection(ActionContributionItem.java:579) ~[org.eclipse.jface_3.19.0.v20200218-1607.jar:na]
	at org.eclipse.jface.action.ActionContributionItem.lambda$4(ActionContributionItem.java:413) ~[org.eclipse.jface_3.19.0.v20200218-1607.jar:na]
	at org.eclipse.swt.widgets.EventTable.sendEvent(EventTable.java:89) ~[org.eclipse.swt.win32.win32.x86_64_3.114.0.v20200304-0601.jar:na]
	at org.eclipse.swt.widgets.Display.sendEvent(Display.java:4105) ~[org.eclipse.swt.win32.win32.x86_64_3.114.0.v20200304-0601.jar:na]
	at org.eclipse.swt.widgets.Widget.sendEvent(Widget.java:1037) ~[org.eclipse.swt.win32.win32.x86_64_3.114.0.v20200304-0601.jar:na]
	at org.eclipse.swt.widgets.Display.runDeferredEvents(Display.java:3922) ~[org.eclipse.swt.win32.win32.x86_64_3.114.0.v20200304-0601.jar:na]
	at org.eclipse.swt.widgets.Display.readAndDispatch(Display.java:3524) ~[org.eclipse.swt.win32.win32.x86_64_3.114.0.v20200304-0601.jar:na]
	at org.eclipse.e4.ui.internal.workbench.swt.PartRenderingEngine$5.run(PartRenderingEngine.java:1160) ~[org.eclipse.e4.ui.workbench.swt_0.14.900.v20200213-1442.jar:na]
	at org.eclipse.core.databinding.observable.Realm.runWithDefault(Realm.java:338) ~[org.eclipse.core.databinding.observable_1.9.0.v20200205-2119.jar:na]
	at org.eclipse.e4.ui.internal.workbench.swt.PartRenderingEngine.run(PartRenderingEngine.java:1049) ~[org.eclipse.e4.ui.workbench.swt_0.14.900.v20200213-1442.jar:na]
	at org.eclipse.e4.ui.internal.workbench.E4Workbench.createAndRunUI(E4Workbench.java:155) ~[org.eclipse.e4.ui.workbench_1.11.200.v20200205-1503.jar:na]
	at org.eclipse.ui.internal.Workbench.lambda$3(Workbench.java:658) ~[org.eclipse.ui.workbench_3.118.0.v20200222-0719.jar:na]
	at org.eclipse.core.databinding.observable.Realm.runWithDefault(Realm.java:338) ~[org.eclipse.core.databinding.observable_1.9.0.v20200205-2119.jar:na]
	at org.eclipse.ui.internal.Workbench.createAndRunWorkbench(Workbench.java:557) ~[org.eclipse.ui.workbench_3.118.0.v20200222-0719.jar:na]
	at org.eclipse.ui.PlatformUI.createAndRunWorkbench(PlatformUI.java:154) ~[org.eclipse.ui.workbench_3.118.0.v20200222-0719.jar:na]
	at org.eclipse.ui.internal.ide.application.IDEApplication.start(IDEApplication.java:150) ~[na:na]
	at org.eclipse.equinox.internal.app.EclipseAppHandle.run(EclipseAppHandle.java:203) ~[org.eclipse.equinox.app_1.4.400.v20191212-0743.jar:na]
	at org.eclipse.core.runtime.internal.adaptor.EclipseAppLauncher.runApplication(EclipseAppLauncher.java:137) ~[org.eclipse.osgi_3.15.200.v20200214-1600.jar:na]
	at org.eclipse.core.runtime.internal.adaptor.EclipseAppLauncher.start(EclipseAppLauncher.java:107) ~[org.eclipse.osgi_3.15.200.v20200214-1600.jar:na]
	at org.eclipse.core.runtime.adaptor.EclipseStarter.run(EclipseStarter.java:401) ~[org.eclipse.osgi_3.15.200.v20200214-1600.jar:na]
	at org.eclipse.core.runtime.adaptor.EclipseStarter.run(EclipseStarter.java:255) ~[org.eclipse.osgi_3.15.200.v20200214-1600.jar:na]
	at sun.reflect.NativeMethodAccessorImpl.invoke0(Native Method) ~[na:1.8.0_102]
	at sun.reflect.NativeMethodAccessorImpl.invoke(NativeMethodAccessorImpl.java:62) ~[na:1.8.0_102]
	at sun.reflect.DelegatingMethodAccessorImpl.invoke(DelegatingMethodAccessorImpl.java:43) ~[na:1.8.0_102]
	at java.lang.reflect.Method.invoke(Method.java:498) ~[na:1.8.0_102]
	at org.eclipse.equinox.launcher.Main.invokeFramework(Main.java:657) ~[org.eclipse.equinox.launcher_1.5.700.v20200207-2156.jar:na]
	at org.eclipse.equinox.launcher.Main.basicRun(Main.java:594) ~[org.eclipse.equinox.launcher_1.5.700.v20200207-2156.jar:na]
	at org.eclipse.equinox.launcher.Main.run(Main.java:1447) ~[org.eclipse.equinox.launcher_1.5.700.v20200207-2156.jar:na]
	at org.eclipse.equinox.launcher.Main.main(Main.java:1420) ~[org.eclipse.equinox.launcher_1.5.700.v20200207-2156.jar:na]
2022-09-14 12:14:06,895 [Worker-4: Loading available Gradle versions] INFO  o.e.b.c.i.u.g.PublishedGradleVersions - Gradle version information cache is up-to-date. Trying to read.
2022-09-14 12:14:25,619 [main] ERROR o.e.m.c.i.l.MavenExternalRuntime - Could not parse classwords configuration file
java.io.FileNotFoundException: C:\Java\apache-maven-3.6.1\bin\m2.conf (系统找不到指定的路径。)
	at java.io.FileInputStream.open0(Native Method) ~[na:1.8.0_102]
	at java.io.FileInputStream.open(FileInputStream.java:195) ~[na:1.8.0_102]
	at java.io.FileInputStream.<init>(FileInputStream.java:138) ~[na:1.8.0_102]
	at org.eclipse.m2e.core.internal.launch.MavenExternalRuntime.getVersion0(MavenExternalRuntime.java:233) [org.eclipse.m2e.core_1.15.0.20200305-1308.jar:na]
	at org.eclipse.m2e.core.internal.launch.MavenExternalRuntime.getVersion(MavenExternalRuntime.java:192) [org.eclipse.m2e.core_1.15.0.20200305-1308.jar:na]
	at org.eclipse.m2e.core.internal.launch.MavenExternalRuntime.toString(MavenExternalRuntime.java:161) [org.eclipse.m2e.core_1.15.0.20200305-1308.jar:na]
	at org.eclipse.m2e.core.ui.internal.preferences.launch.MavenInstallationsPreferencePage$RuntimesLabelProvider.getColumnText(MavenInstallationsPreferencePage.java:298) [org.eclipse.m2e.core.ui_1.15.0.20200305-1308.jar:na]
	at org.eclipse.jface.viewers.TableColumnViewerLabelProvider.update(TableColumnViewerLabelProvider.java:69) [org.eclipse.jface_3.19.0.v20200218-1607.jar:na]
	at org.eclipse.jface.viewers.ViewerColumn.refresh(ViewerColumn.java:144) [org.eclipse.jface_3.19.0.v20200218-1607.jar:na]
	at org.eclipse.jface.viewers.AbstractTableViewer.doUpdateItem(AbstractTableViewer.java:396) [org.eclipse.jface_3.19.0.v20200218-1607.jar:na]
	at org.eclipse.jface.viewers.CheckboxTableViewer.doUpdateItem(CheckboxTableViewer.java:173) [org.eclipse.jface_3.19.0.v20200218-1607.jar:na]
	at org.eclipse.jface.viewers.StructuredViewer$UpdateItemSafeRunnable.run(StructuredViewer.java:427) [org.eclipse.jface_3.19.0.v20200218-1607.jar:na]
	at org.eclipse.core.runtime.SafeRunner.run(SafeRunner.java:45) [org.eclipse.equinox.common_3.11.0.v20200206-0817.jar:na]
	at org.eclipse.ui.internal.JFaceUtil.lambda$0(JFaceUtil.java:47) [org.eclipse.ui.workbench_3.118.0.v20200222-0719.jar:na]
	at org.eclipse.jface.util.SafeRunnable.run(SafeRunnable.java:174) ~[org.eclipse.jface_3.19.0.v20200218-1607.jar:na]
	at org.eclipse.jface.viewers.StructuredViewer.updateItem(StructuredViewer.java:2108) ~[org.eclipse.jface_3.19.0.v20200218-1607.jar:na]
	at org.eclipse.jface.viewers.AbstractTableViewer.createItem(AbstractTableViewer.java:288) [org.eclipse.jface_3.19.0.v20200218-1607.jar:na]
	at org.eclipse.jface.viewers.AbstractTableViewer.internalRefreshAll(AbstractTableViewer.java:726) [org.eclipse.jface_3.19.0.v20200218-1607.jar:na]
	at org.eclipse.jface.viewers.AbstractTableViewer.internalRefresh(AbstractTableViewer.java:618) [org.eclipse.jface_3.19.0.v20200218-1607.jar:na]
	at org.eclipse.jface.viewers.AbstractTableViewer.internalRefresh(AbstractTableViewer.java:610) [org.eclipse.jface_3.19.0.v20200218-1607.jar:na]
	at org.eclipse.jface.viewers.AbstractTableViewer.lambda$0(AbstractTableViewer.java:572) [org.eclipse.jface_3.19.0.v20200218-1607.jar:na]
	at org.eclipse.jface.viewers.StructuredViewer.preservingSelection(StructuredViewer.java:1397) ~[org.eclipse.jface_3.19.0.v20200218-1607.jar:na]
	at org.eclipse.jface.viewers.StructuredViewer.preservingSelection(StructuredViewer.java:1358) ~[org.eclipse.jface_3.19.0.v20200218-1607.jar:na]
	at org.eclipse.jface.viewers.CheckboxTableViewer.preservingSelection(CheckboxTableViewer.java:343) [org.eclipse.jface_3.19.0.v20200218-1607.jar:na]
	at org.eclipse.jface.viewers.AbstractTableViewer.inputChanged(AbstractTableViewer.java:572) [org.eclipse.jface_3.19.0.v20200218-1607.jar:na]
	at org.eclipse.jface.viewers.ContentViewer.setInput(ContentViewer.java:282) ~[org.eclipse.jface_3.19.0.v20200218-1607.jar:na]
	at org.eclipse.jface.viewers.StructuredViewer.setInput(StructuredViewer.java:1631) ~[org.eclipse.jface_3.19.0.v20200218-1607.jar:na]
	at org.eclipse.m2e.core.ui.internal.preferences.launch.MavenInstallationsPreferencePage.createContents(MavenInstallationsPreferencePage.java:127) ~[na:na]
	at org.eclipse.jface.preference.PreferencePage.createControl(PreferencePage.java:244) ~[org.eclipse.jface_3.19.0.v20200218-1607.jar:na]
	at org.eclipse.jface.preference.PreferenceDialog.createPageControl(PreferenceDialog.java:1433) ~[org.eclipse.jface_3.19.0.v20200218-1607.jar:na]
	at org.eclipse.jface.preference.PreferenceDialog$8.run(PreferenceDialog.java:1196) ~[org.eclipse.jface_3.19.0.v20200218-1607.jar:na]
	at org.eclipse.core.runtime.SafeRunner.run(SafeRunner.java:45) [org.eclipse.equinox.common_3.11.0.v20200206-0817.jar:na]
	at org.eclipse.ui.internal.JFaceUtil.lambda$0(JFaceUtil.java:47) [org.eclipse.ui.workbench_3.118.0.v20200222-0719.jar:na]
	at org.eclipse.jface.util.SafeRunnable.run(SafeRunnable.java:174) ~[org.eclipse.jface_3.19.0.v20200218-1607.jar:na]
	at org.eclipse.jface.preference.PreferenceDialog.showPage(PreferenceDialog.java:1188) ~[org.eclipse.jface_3.19.0.v20200218-1607.jar:na]
	at org.eclipse.ui.internal.dialogs.FilteredPreferenceDialog.showPage(FilteredPreferenceDialog.java:630) ~[org.eclipse.ui.workbench_3.118.0.v20200222-0719.jar:na]
	at org.eclipse.jface.preference.PreferenceDialog$5.lambda$0(PreferenceDialog.java:660) ~[org.eclipse.jface_3.19.0.v20200218-1607.jar:na]
	at org.eclipse.swt.custom.BusyIndicator.showWhile(BusyIndicator.java:72) ~[org.eclipse.swt.win32.win32.x86_64_3.114.0.v20200304-0601.jar:na]
	at org.eclipse.jface.preference.PreferenceDialog$5.selectionChanged(PreferenceDialog.java:657) ~[org.eclipse.jface_3.19.0.v20200218-1607.jar:na]
	at org.eclipse.jface.viewers.StructuredViewer$3.run(StructuredViewer.java:823) ~[org.eclipse.jface_3.19.0.v20200218-1607.jar:na]
	at org.eclipse.core.runtime.SafeRunner.run(SafeRunner.java:45) [org.eclipse.equinox.common_3.11.0.v20200206-0817.jar:na]
	at org.eclipse.ui.internal.JFaceUtil.lambda$0(JFaceUtil.java:47) [org.eclipse.ui.workbench_3.118.0.v20200222-0719.jar:na]
	at org.eclipse.jface.util.SafeRunnable.run(SafeRunnable.java:174) ~[org.eclipse.jface_3.19.0.v20200218-1607.jar:na]
	at org.eclipse.jface.viewers.StructuredViewer.firePostSelectionChanged(StructuredViewer.java:820) ~[org.eclipse.jface_3.19.0.v20200218-1607.jar:na]
	at org.eclipse.jface.viewers.StructuredViewer.handlePostSelect(StructuredViewer.java:1190) ~[org.eclipse.jface_3.19.0.v20200218-1607.jar:na]
	at org.eclipse.jface.viewers.StructuredViewer.lambda$0(StructuredViewer.java:1213) ~[org.eclipse.jface_3.19.0.v20200218-1607.jar:na]
	at org.eclipse.swt.events.SelectionListener$1.widgetSelected(SelectionListener.java:84) ~[org.eclipse.swt.win32.win32.x86_64_3.114.0.v20200304-0601.jar:na]
	at org.eclipse.jface.util.OpenStrategy.firePostSelectionEvent(OpenStrategy.java:263) ~[org.eclipse.jface_3.19.0.v20200218-1607.jar:na]
	at org.eclipse.jface.util.OpenStrategy.access$5(OpenStrategy.java:258) ~[org.eclipse.jface_3.19.0.v20200218-1607.jar:na]
	at org.eclipse.jface.util.OpenStrategy$1.lambda$1(OpenStrategy.java:428) ~[org.eclipse.jface_3.19.0.v20200218-1607.jar:na]
	at org.eclipse.swt.widgets.RunnableLock.run(RunnableLock.java:40) ~[org.eclipse.swt.win32.win32.x86_64_3.114.0.v20200304-0601.jar:na]
	at org.eclipse.swt.widgets.Synchronizer.runAsyncMessages(Synchronizer.java:185) ~[org.eclipse.swt.win32.win32.x86_64_3.114.0.v20200304-0601.jar:na]
	at org.eclipse.swt.widgets.Display.runAsyncMessages(Display.java:3897) ~[org.eclipse.swt.win32.win32.x86_64_3.114.0.v20200304-0601.jar:na]
	at org.eclipse.swt.widgets.Display.readAndDispatch(Display.java:3527) ~[org.eclipse.swt.win32.win32.x86_64_3.114.0.v20200304-0601.jar:na]
	at org.eclipse.jface.window.Window.runEventLoop(Window.java:823) ~[org.eclipse.jface_3.19.0.v20200218-1607.jar:na]
	at org.eclipse.jface.window.Window.open(Window.java:799) ~[org.eclipse.jface_3.19.0.v20200218-1607.jar:na]
	at org.eclipse.ui.internal.OpenPreferencesAction.run(OpenPreferencesAction.java:66) ~[org.eclipse.ui.workbench_3.118.0.v20200222-0719.jar:na]
	at org.eclipse.jface.action.Action.runWithEvent(Action.java:474) ~[org.eclipse.jface_3.19.0.v20200218-1607.jar:na]
	at org.eclipse.jface.action.ActionContributionItem.handleWidgetSelection(ActionContributionItem.java:579) ~[org.eclipse.jface_3.19.0.v20200218-1607.jar:na]
	at org.eclipse.jface.action.ActionContributionItem.lambda$4(ActionContributionItem.java:413) ~[org.eclipse.jface_3.19.0.v20200218-1607.jar:na]
	at org.eclipse.swt.widgets.EventTable.sendEvent(EventTable.java:89) ~[org.eclipse.swt.win32.win32.x86_64_3.114.0.v20200304-0601.jar:na]
	at org.eclipse.swt.widgets.Display.sendEvent(Display.java:4105) ~[org.eclipse.swt.win32.win32.x86_64_3.114.0.v20200304-0601.jar:na]
	at org.eclipse.swt.widgets.Widget.sendEvent(Widget.java:1037) ~[org.eclipse.swt.win32.win32.x86_64_3.114.0.v20200304-0601.jar:na]
	at org.eclipse.swt.widgets.Display.runDeferredEvents(Display.java:3922) ~[org.eclipse.swt.win32.win32.x86_64_3.114.0.v20200304-0601.jar:na]
	at org.eclipse.swt.widgets.Display.readAndDispatch(Display.java:3524) ~[org.eclipse.swt.win32.win32.x86_64_3.114.0.v20200304-0601.jar:na]
	at org.eclipse.e4.ui.internal.workbench.swt.PartRenderingEngine$5.run(PartRenderingEngine.java:1160) ~[org.eclipse.e4.ui.workbench.swt_0.14.900.v20200213-1442.jar:na]
	at org.eclipse.core.databinding.observable.Realm.runWithDefault(Realm.java:338) ~[org.eclipse.core.databinding.observable_1.9.0.v20200205-2119.jar:na]
	at org.eclipse.e4.ui.internal.workbench.swt.PartRenderingEngine.run(PartRenderingEngine.java:1049) ~[org.eclipse.e4.ui.workbench.swt_0.14.900.v20200213-1442.jar:na]
	at org.eclipse.e4.ui.internal.workbench.E4Workbench.createAndRunUI(E4Workbench.java:155) ~[org.eclipse.e4.ui.workbench_1.11.200.v20200205-1503.jar:na]
	at org.eclipse.ui.internal.Workbench.lambda$3(Workbench.java:658) ~[org.eclipse.ui.workbench_3.118.0.v20200222-0719.jar:na]
	at org.eclipse.core.databinding.observable.Realm.runWithDefault(Realm.java:338) ~[org.eclipse.core.databinding.observable_1.9.0.v20200205-2119.jar:na]
	at org.eclipse.ui.internal.Workbench.createAndRunWorkbench(Workbench.java:557) ~[org.eclipse.ui.workbench_3.118.0.v20200222-0719.jar:na]
	at org.eclipse.ui.PlatformUI.createAndRunWorkbench(PlatformUI.java:154) ~[org.eclipse.ui.workbench_3.118.0.v20200222-0719.jar:na]
	at org.eclipse.ui.internal.ide.application.IDEApplication.start(IDEApplication.java:150) ~[na:na]
	at org.eclipse.equinox.internal.app.EclipseAppHandle.run(EclipseAppHandle.java:203) ~[org.eclipse.equinox.app_1.4.400.v20191212-0743.jar:na]
	at org.eclipse.core.runtime.internal.adaptor.EclipseAppLauncher.runApplication(EclipseAppLauncher.java:137) ~[org.eclipse.osgi_3.15.200.v20200214-1600.jar:na]
	at org.eclipse.core.runtime.internal.adaptor.EclipseAppLauncher.start(EclipseAppLauncher.java:107) ~[org.eclipse.osgi_3.15.200.v20200214-1600.jar:na]
	at org.eclipse.core.runtime.adaptor.EclipseStarter.run(EclipseStarter.java:401) ~[org.eclipse.osgi_3.15.200.v20200214-1600.jar:na]
	at org.eclipse.core.runtime.adaptor.EclipseStarter.run(EclipseStarter.java:255) ~[org.eclipse.osgi_3.15.200.v20200214-1600.jar:na]
	at sun.reflect.NativeMethodAccessorImpl.invoke0(Native Method) ~[na:1.8.0_102]
	at sun.reflect.NativeMethodAccessorImpl.invoke(NativeMethodAccessorImpl.java:62) ~[na:1.8.0_102]
	at sun.reflect.DelegatingMethodAccessorImpl.invoke(DelegatingMethodAccessorImpl.java:43) ~[na:1.8.0_102]
	at java.lang.reflect.Method.invoke(Method.java:498) ~[na:1.8.0_102]
	at org.eclipse.equinox.launcher.Main.invokeFramework(Main.java:657) ~[org.eclipse.equinox.launcher_1.5.700.v20200207-2156.jar:na]
	at org.eclipse.equinox.launcher.Main.basicRun(Main.java:594) ~[org.eclipse.equinox.launcher_1.5.700.v20200207-2156.jar:na]
	at org.eclipse.equinox.launcher.Main.run(Main.java:1447) ~[org.eclipse.equinox.launcher_1.5.700.v20200207-2156.jar:na]
	at org.eclipse.equinox.launcher.Main.main(Main.java:1420) ~[org.eclipse.equinox.launcher_1.5.700.v20200207-2156.jar:na]
2022-09-14 12:25:56,949 [Worker-0: Loading available Gradle versions] INFO  o.e.b.c.i.u.g.PublishedGradleVersions - Gradle version information cache is up-to-date. Trying to read.
2022-09-14 12:32:07,695 [Worker-5: Loading available Gradle versions] INFO  o.e.b.c.i.u.g.PublishedGradleVersions - Gradle version information cache is up-to-date. Trying to read.
